[35m[Appium][39m Welcome to Appium v1.22.3
[35m[Appium][39m Non-default server args:
[35m[Appium][39m   port: 60494
[35m[Appium][39m   loglevel: info
[35m[Appium][39m   tmpDir: C:\Users\HUAWEI\AppData\Local\Temp\\Katalon\Appium\Temp1666879626761
[35m[Appium][39m   chromedriverPort: 60495
[35m[Appium][39m Deprecated server args:
[35m[Appium][39m   [31m--chromedriver-port[39m => --default-capabilities
[35m[Appium][39m Default capabilities, which will be added to each request unless overridden by desired capabilities:
[35m[Appium][39m   chromedriverPort: 60495
[35m[Appium][39m Appium REST http interface listener started on 0.0.0.0:60494
[35m[HTTP][39m [37m-->[39m [37mGET[39m [37m/wd/hub/status[39m
[35m[HTTP][39m [90m{}[39m
[35m[HTTP][39m [37m<-- GET /wd/hub/status [39m[32m200[39m [90m8 ms - 68[39m
[35m[HTTP][39m [90m[39m
[35m[HTTP][39m [37m-->[39m [37mGET[39m [37m/wd/hub/status[39m
[35m[HTTP][39m [90m{}[39m
[35m[HTTP][39m [37m<-- GET /wd/hub/status [39m[32m200[39m [90m1 ms - 68[39m
[35m[HTTP][39m [90m[39m
[35m[HTTP][39m [37m-->[39m [37mPOST[39m [37m/wd/hub/session[39m
[35m[HTTP][39m [90m{"desiredCapabilities":{"app":"C:\\Users\\HUAWEI\\Desktop\\ColorNote Notepad Notes_4.4.1_Apkpure.apk","noReset":true,"deviceName":"HUAWEI YAL-L21 (Android 10)","fullReset":false,"platform":"ANDROID","newCommandTimeout":1800,"platformVersion":"10","automationName":"uiautomator2","autoGrantPermissions":true,"platformName":"Android","udid":"SDEDU19B22000418","systemPort":60501},"capabilities":{"firstMatch":[{"appium:app":"C:\\Users\\HUAWEI\\Desktop\\ColorNote Notepad Notes_4.4.1_Apkpure.apk","appium:autoGrantPermissions":true,"appium:automationName":"uiautomator2","appium:deviceName":"HUAWEI YAL-L21 (Android 10)","appium:fullReset":false,"appium:newCommandTimeout":1800,"appium:noReset":true,"platform":"ANDROID","platformName":"android","appium:platformVersion":"10","appium:systemPort":60501,"appium:udid":"SDEDU19B22000418"}]}}[39m
[35m[BaseDriver][39m The following capabilities are not standard capabilities and should have an extension prefix:
[35m[BaseDriver][39m   platform
[35m[BaseDriver][39m   chromedriverPort
[35m[Appium][39m Appium v1.22.3 creating new AndroidUiautomator2Driver (v1.70.1) session
[35m[BaseDriver][39m The following capabilities were provided, but are not recognized by Appium:
[35m[BaseDriver][39m   platform
[35m[BaseDriver][39m Session created with session id: 3bd05b52-0bc8-43d4-af7f-be8558ff350d
[35m[BaseDriver][39m Using local app 'C:\Users\HUAWEI\Desktop\ColorNote Notepad Notes_4.4.1_Apkpure.apk'
[35m[ADB][39m Found 5 'build-tools' folders under 'C:\Users\HUAWEI\AppData\Local\Android\Sdk' (newest first):
[35m[ADB][39m     C:/Users/HUAWEI/AppData/Local/Android/Sdk/build-tools/30.0.2
[35m[ADB][39m     C:/Users/HUAWEI/AppData/Local/Android/Sdk/build-tools/29.0.3
[35m[ADB][39m     C:/Users/HUAWEI/AppData/Local/Android/Sdk/build-tools/29.0.2
[35m[ADB][39m     C:/Users/HUAWEI/AppData/Local/Android/Sdk/build-tools/29.0.0
[35m[ADB][39m     C:/Users/HUAWEI/AppData/Local/Android/Sdk/build-tools/28.0.3
[35m[ADB][39m Using 'adb.exe' from 'C:\Users\HUAWEI\AppData\Local\Android\Sdk\platform-tools\adb.exe'
[35m[AndroidDriver][39m Retrieving device list
[35m[AndroidDriver][39m Using device: SDEDU19B22000418
[35m[ADB][39m Using 'adb.exe' from 'C:\Users\HUAWEI\AppData\Local\Android\Sdk\platform-tools\adb.exe'
[35m[ADB][39m Getting device platform version
[35m[UiAutomator2][39m Relaxing hidden api policy
[35m[ADB][39m Package name: 'com.socialnmobile.dictapps.notepad.color.note'
[35m[ADB][39m Main activity name: 'com.socialnmobile.colornote.activity.Main'
[35m[UiAutomator2][39m Server package at 'C:\Program Files\Appium Server GUI\resources\app\node_modules\appium\node_modules\appium-uiautomator2-server\apks\appium-uiautomator2-server-v4.27.0.apk' is not writeable. Will copy it into the temporary location at 'C:\Users\HUAWEI\AppData\Local\Temp\Katalon\Appium\Temp1666879626761\2022927-11428-1gmga9r.cjwh' as a workaround. Consider making this file writeable manually in order to improve the performance of session startup.
[35m[UiAutomator2][39m Server package at 'C:\Program Files\Appium Server GUI\resources\app\node_modules\appium\node_modules\appium-uiautomator2-server\apks\appium-uiautomator2-server-debug-androidTest.apk' is not writeable. Will copy it into the temporary location at 'C:\Users\HUAWEI\AppData\Local\Temp\Katalon\Appium\Temp1666879626761\2022927-11428-1gmga9r.cjwh' as a workaround. Consider making this file writeable manually in order to improve the performance of session startup.
[35m[ADB][39m Using 'apksigner.jar' from 'C:\Users\HUAWEI\AppData\Local\Android\Sdk\build-tools\30.0.2\lib\apksigner.jar'
[35m[ADB][39m 'C:\Users\HUAWEI\AppData\Local\Temp\Katalon\Appium\Temp1666879626761\2022927-11428-1gmga9r.cjwh\appium-uiautomator2-server-v4.27.0.apk' is signed with the default certificate
[35m[ADB][39m 'C:\Users\HUAWEI\AppData\Local\Temp\Katalon\Appium\Temp1666879626761\2022927-11428-1gmga9r.cjwh\appium-uiautomator2-server-debug-androidTest.apk' is signed with the default certificate
[35m[UiAutomator2][39m Server packages are not going to be (re)installed
[35m[ADB][39m Adding packages ["io.appium.settings","io.appium.uiautomator2.server","io.appium.uiautomator2.server.test"] to Doze whitelist
[35m[ADB][39m 'C:\Users\HUAWEI\Desktop\ColorNote Notepad Notes_4.4.1_Apkpure.apk' is signed with a non-default certificate
[35m[ADB][39m The application at 'C:\Users\HUAWEI\Desktop\ColorNote Notepad Notes_4.4.1_Apkpure.apk' will not be cached, because the device under test has confirmed the support of streamed installs
[35m[ADB][39m The installation of 'ColorNote Notepad Notes_4.4.1_Apkpure.apk' took 1139ms
[35m[UiAutomator2][39m Starting UIAutomator2 server 4.27.0
[35m[UiAutomator2][39m Using UIAutomator2 server from 'C:\Program Files\Appium Server GUI\resources\app\node_modules\appium\node_modules\appium-uiautomator2-server\apks\appium-uiautomator2-server-v4.27.0.apk' and test from 'C:\Program Files\Appium Server GUI\resources\app\node_modules\appium\node_modules\appium-uiautomator2-server\apks\appium-uiautomator2-server-debug-androidTest.apk'
[35m[UiAutomator2][39m Waiting up to 30000ms for UiAutomator2 to be online...
[35m[WD Proxy][39m socket hang up
[35m[WD Proxy][39m socket hang up
[35m[WD Proxy][39m socket hang up
[35m[WD Proxy][39m Determined the downstream protocol as 'W3C'
[35m[AndroidDriver][39m Screen already unlocked, doing nothing
[35m[UiAutomator2][39m Starting 'com.socialnmobile.dictapps.notepad.color.note/com.socialnmobile.colornote.activity.Main and waiting for 'com.socialnmobile.dictapps.notepad.color.note/com.socialnmobile.colornote.activity.Main'
[35m[Appium][39m New AndroidUiautomator2Driver session created successfully, session 3bd05b52-0bc8-43d4-af7f-be8558ff350d added to master session list
[35m[HTTP][39m [37m<-- POST /wd/hub/session [39m[32m200[39m [90m12212 ms - 1333[39m
[35m[HTTP][39m [90m[39m
[35m[HTTP][39m [37m-->[39m [37mGET[39m [37m/wd/hub/session/3bd05b52-0bc8-43d4-af7f-be8558ff350d[39m
[35m[HTTP][39m [90m{}[39m
[35m[HTTP][39m [37m<-- GET /wd/hub/session/3bd05b52-0bc8-43d4-af7f-be8558ff350d [39m[32m200[39m [90m20 ms - 1287[39m
[35m[HTTP][39m [90m[39m
[35m[HTTP][39m [37m-->[39m [37mGET[39m [37m/wd/hub/session/3bd05b52-0bc8-43d4-af7f-be8558ff350d[39m
[35m[HTTP][39m [90m{}[39m
[35m[HTTP][39m [37m<-- GET /wd/hub/session/3bd05b52-0bc8-43d4-af7f-be8558ff350d [39m[32m200[39m [90m11 ms - 1287[39m
[35m[HTTP][39m [90m[39m
[35m[HTTP][39m [37m-->[39m [37mGET[39m [37m/wd/hub/status[39m
[35m[HTTP][39m [90m{}[39m
[35m[HTTP][39m [37m<-- GET /wd/hub/status [39m[32m200[39m [90m1 ms - 68[39m
[35m[HTTP][39m [90m[39m
[35m[HTTP][39m [37m-->[39m [37mPOST[39m [37m/wd/hub/session/3bd05b52-0bc8-43d4-af7f-be8558ff350d/timeouts[39m
[35m[HTTP][39m [90m{"implicit":60000}[39m
[35m[HTTP][39m [37m<-- POST /wd/hub/session/3bd05b52-0bc8-43d4-af7f-be8558ff350d/timeouts [39m[32m200[39m [90m4 ms - 14[39m
[35m[HTTP][39m [90m[39m
[35m[HTTP][39m [37m-->[39m [37mGET[39m [37m/wd/hub/session/3bd05b52-0bc8-43d4-af7f-be8558ff350d/source[39m
[35m[HTTP][39m [90m{}[39m
[35m[W3C (3bd05b52)][39m Driver proxy active, passing request on via HTTP proxy
[35m[WD Proxy][39m Replacing sessionId b66c33a7-7041-4c98-b34f-0b8df0a38ded with 3bd05b52-0bc8-43d4-af7f-be8558ff350d
[35m[HTTP][39m [37m<-- GET /wd/hub/session/3bd05b52-0bc8-43d4-af7f-be8558ff350d/source [39m[32m200[39m [90m389 ms - 5089[39m
[35m[HTTP][39m [90m[39m
[35m[HTTP][39m [37m-->[39m [37mGET[39m [37m/wd/hub/session/3bd05b52-0bc8-43d4-af7f-be8558ff350d/screenshot[39m
[35m[HTTP][39m [90m{}[39m
[35m[HTTP][39m [37m<-- GET /wd/hub/session/3bd05b52-0bc8-43d4-af7f-be8558ff350d/screenshot [39m[32m200[39m [90m448 ms - 143044[39m
[35m[HTTP][39m [90m[39m
[35m[HTTP][39m [37m-->[39m [37mPOST[39m [37m/wd/hub/session/3bd05b52-0bc8-43d4-af7f-be8558ff350d/elements[39m
[35m[HTTP][39m [90m{"using":"xpath","value":"//*[@class = 'android.widget.Button' and (@text = 'SKIP' or . = 'SKIP') and @resource-id = 'com.socialnmobile.dictapps.notepad.color.note:id/btn_start_skip']"}[39m
[35m[HTTP][39m [37m<-- POST /wd/hub/session/3bd05b52-0bc8-43d4-af7f-be8558ff350d/elements [39m[32m200[39m [90m292 ms - 139[39m
[35m[HTTP][39m [90m[39m
[35m[HTTP][39m [37m-->[39m [37mGET[39m [37m/wd/hub/session/3bd05b52-0bc8-43d4-af7f-be8558ff350d/window/rect[39m
[35m[HTTP][39m [90m{}[39m
[35m[HTTP][39m [37m<-- GET /wd/hub/session/3bd05b52-0bc8-43d4-af7f-be8558ff350d/window/rect [39m[32m200[39m [90m26 ms - 50[39m
[35m[HTTP][39m [90m[39m
[35m[HTTP][39m [37m-->[39m [37mPOST[39m [37m/wd/hub/session/3bd05b52-0bc8-43d4-af7f-be8558ff350d/elements[39m
[35m[HTTP][39m [90m{"using":"xpath","value":"//*[@class = 'android.widget.Button' and (@text = 'SKIP' or . = 'SKIP') and @resource-id = 'com.socialnmobile.dictapps.notepad.color.note:id/btn_start_skip']"}[39m
[35m[HTTP][39m [37m<-- POST /wd/hub/session/3bd05b52-0bc8-43d4-af7f-be8558ff350d/elements [39m[32m200[39m [90m59 ms - 139[39m
[35m[HTTP][39m [90m[39m
[35m[HTTP][39m [37m-->[39m [37mGET[39m [37m/wd/hub/session/3bd05b52-0bc8-43d4-af7f-be8558ff350d/element/00000000-0000-10f2-ffff-ffff0000008d/location[39m
[35m[HTTP][39m [90m{}[39m
[35m[W3C (3bd05b52)][39m Driver proxy active, passing request on via HTTP proxy
[35m[WD Proxy][39m Replacing sessionId b66c33a7-7041-4c98-b34f-0b8df0a38ded with 3bd05b52-0bc8-43d4-af7f-be8558ff350d
[35m[HTTP][39m [37m<-- GET /wd/hub/session/3bd05b52-0bc8-43d4-af7f-be8558ff350d/element/00000000-0000-10f2-ffff-ffff0000008d/location [39m[32m200[39m [90m26 ms - 78[39m
[35m[HTTP][39m [90m[39m
[35m[HTTP][39m [37m-->[39m [37mPOST[39m [37m/wd/hub/session/3bd05b52-0bc8-43d4-af7f-be8558ff350d/element/00000000-0000-10f2-ffff-ffff0000008d/click[39m
[35m[HTTP][39m [90m{"id":"00000000-0000-10f2-ffff-ffff0000008d"}[39m
[35m[HTTP][39m [37m<-- POST /wd/hub/session/3bd05b52-0bc8-43d4-af7f-be8558ff350d/element/00000000-0000-10f2-ffff-ffff0000008d/click [39m[32m200[39m [90m112 ms - 14[39m
[35m[HTTP][39m [90m[39m
[35m[HTTP][39m [37m-->[39m [37mGET[39m [37m/wd/hub/session/3bd05b52-0bc8-43d4-af7f-be8558ff350d/source[39m
[35m[HTTP][39m [90m{}[39m
[35m[W3C (3bd05b52)][39m Driver proxy active, passing request on via HTTP proxy
[35m[WD Proxy][39m Replacing sessionId b66c33a7-7041-4c98-b34f-0b8df0a38ded with 3bd05b52-0bc8-43d4-af7f-be8558ff350d
[35m[HTTP][39m [37m<-- GET /wd/hub/session/3bd05b52-0bc8-43d4-af7f-be8558ff350d/source [39m[32m200[39m [90m522 ms - 20930[39m
[35m[HTTP][39m [90m[39m
[35m[HTTP][39m [37m-->[39m [37mGET[39m [37m/wd/hub/session/3bd05b52-0bc8-43d4-af7f-be8558ff350d/screenshot[39m
[35m[HTTP][39m [90m{}[39m
[35m[HTTP][39m [37m<-- GET /wd/hub/session/3bd05b52-0bc8-43d4-af7f-be8558ff350d/screenshot [39m[32m200[39m [90m403 ms - 110432[39m
[35m[HTTP][39m [90m[39m
[35m[HTTP][39m [37m-->[39m [37mPOST[39m [37m/wd/hub/session/3bd05b52-0bc8-43d4-af7f-be8558ff350d/elements[39m
[35m[HTTP][39m [90m{"using":"xpath","value":"//*[@class = 'android.widget.FrameLayout' and @resource-id = 'com.socialnmobile.dictapps.notepad.color.note:id/page_none' and (@text = '' or . = '')]"}[39m
[35m[HTTP][39m [37m<-- POST /wd/hub/session/3bd05b52-0bc8-43d4-af7f-be8558ff350d/elements [39m[32m200[39m [90m224 ms - 139[39m
[35m[HTTP][39m [90m[39m
[35m[HTTP][39m [37m-->[39m [37mGET[39m [37m/wd/hub/session/3bd05b52-0bc8-43d4-af7f-be8558ff350d/window/rect[39m
[35m[HTTP][39m [90m{}[39m
[35m[HTTP][39m [37m<-- GET /wd/hub/session/3bd05b52-0bc8-43d4-af7f-be8558ff350d/window/rect [39m[32m200[39m [90m22 ms - 50[39m
[35m[HTTP][39m [90m[39m
[35m[HTTP][39m [37m-->[39m [37mPOST[39m [37m/wd/hub/session/3bd05b52-0bc8-43d4-af7f-be8558ff350d/elements[39m
[35m[HTTP][39m [90m{"using":"xpath","value":"//*[@class = 'android.widget.FrameLayout' and @resource-id = 'com.socialnmobile.dictapps.notepad.color.note:id/page_none' and (@text = '' or . = '')]"}[39m
[35m[HTTP][39m [37m<-- POST /wd/hub/session/3bd05b52-0bc8-43d4-af7f-be8558ff350d/elements [39m[32m200[39m [90m131 ms - 139[39m
[35m[HTTP][39m [90m[39m
[35m[HTTP][39m [37m-->[39m [37mGET[39m [37m/wd/hub/session/3bd05b52-0bc8-43d4-af7f-be8558ff350d/element/00000000-0000-10f1-ffff-ffff00000027/location[39m
[35m[HTTP][39m [90m{}[39m
[35m[W3C (3bd05b52)][39m Driver proxy active, passing request on via HTTP proxy
[35m[WD Proxy][39m Replacing sessionId b66c33a7-7041-4c98-b34f-0b8df0a38ded with 3bd05b52-0bc8-43d4-af7f-be8558ff350d
[35m[HTTP][39m [37m<-- GET /wd/hub/session/3bd05b52-0bc8-43d4-af7f-be8558ff350d/element/00000000-0000-10f1-ffff-ffff00000027/location [39m[32m200[39m [90m22 ms - 79[39m
[35m[HTTP][39m [90m[39m
[35m[HTTP][39m [37m-->[39m [37mPOST[39m [37m/wd/hub/session/3bd05b52-0bc8-43d4-af7f-be8558ff350d/element/00000000-0000-10f1-ffff-ffff00000027/click[39m
[35m[HTTP][39m [90m{"id":"00000000-0000-10f1-ffff-ffff00000027"}[39m
[35m[HTTP][39m [37m<-- POST /wd/hub/session/3bd05b52-0bc8-43d4-af7f-be8558ff350d/element/00000000-0000-10f1-ffff-ffff00000027/click [39m[32m200[39m [90m54 ms - 14[39m
[35m[HTTP][39m [90m[39m
[35m[HTTP][39m [37m-->[39m [37mGET[39m [37m/wd/hub/session/3bd05b52-0bc8-43d4-af7f-be8558ff350d/source[39m
[35m[HTTP][39m [90m{}[39m
[35m[W3C (3bd05b52)][39m Driver proxy active, passing request on via HTTP proxy
[35m[WD Proxy][39m Replacing sessionId b66c33a7-7041-4c98-b34f-0b8df0a38ded with 3bd05b52-0bc8-43d4-af7f-be8558ff350d
[35m[HTTP][39m [37m<-- GET /wd/hub/session/3bd05b52-0bc8-43d4-af7f-be8558ff350d/source [39m[32m200[39m [90m177 ms - 9135[39m
[35m[HTTP][39m [90m[39m
[35m[HTTP][39m [37m-->[39m [37mGET[39m [37m/wd/hub/session/3bd05b52-0bc8-43d4-af7f-be8558ff350d/screenshot[39m
[35m[HTTP][39m [90m{}[39m
[35m[HTTP][39m [37m<-- GET /wd/hub/session/3bd05b52-0bc8-43d4-af7f-be8558ff350d/screenshot [39m[32m200[39m [90m432 ms - 108380[39m
[35m[HTTP][39m [90m[39m
[35m[HTTP][39m [37m-->[39m [37mPOST[39m [37m/wd/hub/session/3bd05b52-0bc8-43d4-af7f-be8558ff350d/elements[39m
[35m[HTTP][39m [90m{"using":"xpath","value":"//*[@class = 'android.widget.ImageView' and @resource-id = 'com.socialnmobile.dictapps.notepad.color.note:id/icon' and (@text = '' or . = '')]"}[39m
[35m[HTTP][39m [37m<-- POST /wd/hub/session/3bd05b52-0bc8-43d4-af7f-be8558ff350d/elements [39m[32m200[39m [90m123 ms - 267[39m
[35m[HTTP][39m [90m[39m
[35m[HTTP][39m [37m-->[39m [37mPOST[39m [37m/wd/hub/session/3bd05b52-0bc8-43d4-af7f-be8558ff350d/elements[39m
[35m[HTTP][39m [90m{"using":"id","value":"com.socialnmobile.dictapps.notepad.color.note:id/icon"}[39m
[35m[HTTP][39m [37m<-- POST /wd/hub/session/3bd05b52-0bc8-43d4-af7f-be8558ff350d/elements [39m[32m200[39m [90m28 ms - 267[39m
[35m[HTTP][39m [90m[39m
[35m[HTTP][39m [37m-->[39m [37mPOST[39m [37m/wd/hub/session/3bd05b52-0bc8-43d4-af7f-be8558ff350d/elements[39m
[35m[HTTP][39m [90m{"using":"-android uiautomator","value":"new UiSelector().className(\"android.widget.ImageView\").resourceId(\"com.socialnmobile.dictapps.notepad.color.note:id/icon\")"}[39m
[35m[HTTP][39m [37m<-- POST /wd/hub/session/3bd05b52-0bc8-43d4-af7f-be8558ff350d/elements [39m[32m200[39m [90m58 ms - 267[39m
[35m[HTTP][39m [90m[39m
[35m[HTTP][39m [37m-->[39m [37mGET[39m [37m/wd/hub/session/3bd05b52-0bc8-43d4-af7f-be8558ff350d/window/rect[39m
[35m[HTTP][39m [90m{}[39m
[35m[HTTP][39m [37m<-- GET /wd/hub/session/3bd05b52-0bc8-43d4-af7f-be8558ff350d/window/rect [39m[32m200[39m [90m13 ms - 50[39m
[35m[HTTP][39m [90m[39m
[35m[HTTP][39m [37m-->[39m [37mPOST[39m [37m/wd/hub/session/3bd05b52-0bc8-43d4-af7f-be8558ff350d/elements[39m
[35m[HTTP][39m [90m{"using":"xpath","value":"//hierarchy/android.widget.FrameLayout[1]/android.widget.LinearLayout[1]/android.widget.FrameLayout[1]/android.widget.FrameLayout[1]/android.widget.FrameLayout[1]/androidx.appcompat.widget.LinearLayoutCompat[1]/android.widget.FrameLayout[1]/android.widget.ListView[1]/android.widget.LinearLayout[2]/android.widget.ImageView[1]"}[39m
[35m[HTTP][39m [37m<-- POST /wd/hub/session/3bd05b52-0bc8-43d4-af7f-be8558ff350d/elements [39m[32m200[39m [90m97 ms - 139[39m
[35m[HTTP][39m [90m[39m
[35m[HTTP][39m [37m-->[39m [37mGET[39m [37m/wd/hub/session/3bd05b52-0bc8-43d4-af7f-be8558ff350d/element/00000000-0000-10f3-ffff-ffff000000ac/location[39m
[35m[HTTP][39m [90m{}[39m
[35m[W3C (3bd05b52)][39m Driver proxy active, passing request on via HTTP proxy
[35m[WD Proxy][39m Replacing sessionId b66c33a7-7041-4c98-b34f-0b8df0a38ded with 3bd05b52-0bc8-43d4-af7f-be8558ff350d
[35m[HTTP][39m [37m<-- GET /wd/hub/session/3bd05b52-0bc8-43d4-af7f-be8558ff350d/element/00000000-0000-10f3-ffff-ffff000000ac/location [39m[32m200[39m [90m24 ms - 79[39m
[35m[HTTP][39m [90m[39m
[35m[HTTP][39m [37m-->[39m [37mPOST[39m [37m/wd/hub/session/3bd05b52-0bc8-43d4-af7f-be8558ff350d/element/00000000-0000-10f3-ffff-ffff000000ac/click[39m
[35m[HTTP][39m [90m{"id":"00000000-0000-10f3-ffff-ffff000000ac"}[39m
[35m[HTTP][39m [37m<-- POST /wd/hub/session/3bd05b52-0bc8-43d4-af7f-be8558ff350d/element/00000000-0000-10f3-ffff-ffff000000ac/click [39m[32m200[39m [90m888 ms - 14[39m
[35m[HTTP][39m [90m[39m
[35m[HTTP][39m [37m-->[39m [37mGET[39m [37m/wd/hub/session/3bd05b52-0bc8-43d4-af7f-be8558ff350d/source[39m
[35m[HTTP][39m [90m{}[39m
[35m[W3C (3bd05b52)][39m Driver proxy active, passing request on via HTTP proxy
[35m[WD Proxy][39m Replacing sessionId b66c33a7-7041-4c98-b34f-0b8df0a38ded with 3bd05b52-0bc8-43d4-af7f-be8558ff350d
[35m[HTTP][39m [37m<-- GET /wd/hub/session/3bd05b52-0bc8-43d4-af7f-be8558ff350d/source [39m[32m200[39m [90m126 ms - 18150[39m
[35m[HTTP][39m [90m[39m
[35m[HTTP][39m [37m-->[39m [37mGET[39m [37m/wd/hub/session/3bd05b52-0bc8-43d4-af7f-be8558ff350d/screenshot[39m
[35m[HTTP][39m [90m{}[39m
[35m[HTTP][39m [37m<-- GET /wd/hub/session/3bd05b52-0bc8-43d4-af7f-be8558ff350d/screenshot [39m[32m200[39m [90m438 ms - 176844[39m
[35m[HTTP][39m [90m[39m
[35m[HTTP][39m [37m-->[39m [37mPOST[39m [37m/wd/hub/session/3bd05b52-0bc8-43d4-af7f-be8558ff350d/elements[39m
[35m[HTTP][39m [90m{"using":"xpath","value":"//*[@class = 'android.widget.EditText' and @resource-id = 'com.socialnmobile.dictapps.notepad.color.note:id/edit_title' and (@text = '' or . = '')]"}[39m
[35m[HTTP][39m [37m<-- POST /wd/hub/session/3bd05b52-0bc8-43d4-af7f-be8558ff350d/elements [39m[32m200[39m [90m88 ms - 139[39m
[35m[HTTP][39m [90m[39m
[35m[HTTP][39m [37m-->[39m [37mGET[39m [37m/wd/hub/session/3bd05b52-0bc8-43d4-af7f-be8558ff350d/window/rect[39m
[35m[HTTP][39m [90m{}[39m
[35m[HTTP][39m [37m<-- GET /wd/hub/session/3bd05b52-0bc8-43d4-af7f-be8558ff350d/window/rect [39m[32m200[39m [90m19 ms - 50[39m
[35m[HTTP][39m [90m[39m
[35m[HTTP][39m [37m-->[39m [37mPOST[39m [37m/wd/hub/session/3bd05b52-0bc8-43d4-af7f-be8558ff350d/elements[39m
[35m[HTTP][39m [90m{"using":"xpath","value":"//*[@class = 'android.widget.EditText' and @resource-id = 'com.socialnmobile.dictapps.notepad.color.note:id/edit_title' and (@text = '' or . = '')]"}[39m
[35m[HTTP][39m [37m<-- POST /wd/hub/session/3bd05b52-0bc8-43d4-af7f-be8558ff350d/elements [39m[32m200[39m [90m99 ms - 139[39m
[35m[HTTP][39m [90m[39m
[35m[HTTP][39m [37m-->[39m [37mGET[39m [37m/wd/hub/session/3bd05b52-0bc8-43d4-af7f-be8558ff350d/element/00000000-0000-10f4-ffff-ffff000000cd/location[39m
[35m[HTTP][39m [90m{}[39m
[35m[W3C (3bd05b52)][39m Driver proxy active, passing request on via HTTP proxy
[35m[WD Proxy][39m Replacing sessionId b66c33a7-7041-4c98-b34f-0b8df0a38ded with 3bd05b52-0bc8-43d4-af7f-be8558ff350d
[35m[HTTP][39m [37m<-- GET /wd/hub/session/3bd05b52-0bc8-43d4-af7f-be8558ff350d/element/00000000-0000-10f4-ffff-ffff000000cd/location [39m[32m200[39m [90m24 ms - 77[39m
[35m[HTTP][39m [90m[39m
[35m[HTTP][39m [37m-->[39m [37mPOST[39m [37m/wd/hub/session/3bd05b52-0bc8-43d4-af7f-be8558ff350d/element/00000000-0000-10f4-ffff-ffff000000cd/clear[39m
[35m[HTTP][39m [90m{"id":"00000000-0000-10f4-ffff-ffff000000cd"}[39m
[35m[HTTP][39m [37m<-- POST /wd/hub/session/3bd05b52-0bc8-43d4-af7f-be8558ff350d/element/00000000-0000-10f4-ffff-ffff000000cd/clear [39m[32m200[39m [90m36 ms - 14[39m
[35m[HTTP][39m [90m[39m
[35m[HTTP][39m [37m-->[39m [37mPOST[39m [37m/wd/hub/session/3bd05b52-0bc8-43d4-af7f-be8558ff350d/element/00000000-0000-10f4-ffff-ffff000000cd/value[39m
[35m[HTTP][39m [90m{"id":"00000000-0000-10f4-ffff-ffff000000cd","text":"MEMO","value":["M","E","M","O"]}[39m
[35m[HTTP][39m [37m<-- POST /wd/hub/session/3bd05b52-0bc8-43d4-af7f-be8558ff350d/element/00000000-0000-10f4-ffff-ffff000000cd/value [39m[32m200[39m [90m549 ms - 14[39m
[35m[HTTP][39m [90m[39m
[35m[HTTP][39m [37m-->[39m [37mGET[39m [37m/wd/hub/session/3bd05b52-0bc8-43d4-af7f-be8558ff350d/source[39m
[35m[HTTP][39m [90m{}[39m
[35m[W3C (3bd05b52)][39m Driver proxy active, passing request on via HTTP proxy
[35m[WD Proxy][39m Replacing sessionId b66c33a7-7041-4c98-b34f-0b8df0a38ded with 3bd05b52-0bc8-43d4-af7f-be8558ff350d
[35m[HTTP][39m [37m<-- GET /wd/hub/session/3bd05b52-0bc8-43d4-af7f-be8558ff350d/source [39m[32m200[39m [90m199 ms - 18154[39m
[35m[HTTP][39m [90m[39m
[35m[HTTP][39m [37m-->[39m [37mGET[39m [37m/wd/hub/session/3bd05b52-0bc8-43d4-af7f-be8558ff350d/screenshot[39m
[35m[HTTP][39m [90m{}[39m
[35m[HTTP][39m [37m<-- GET /wd/hub/session/3bd05b52-0bc8-43d4-af7f-be8558ff350d/screenshot [39m[32m200[39m [90m448 ms - 190246[39m
[35m[HTTP][39m [90m[39m
[35m[HTTP][39m [37m-->[39m [37mPOST[39m [37m/wd/hub/session/3bd05b52-0bc8-43d4-af7f-be8558ff350d/elements[39m
[35m[HTTP][39m [90m{"using":"xpath","value":"//*[@class = 'android.widget.TextView' and (@text = 'Add Item' or . = 'Add Item') and @resource-id = 'com.socialnmobile.dictapps.notepad.color.note:id/text']"}[39m
[35m[HTTP][39m [37m<-- POST /wd/hub/session/3bd05b52-0bc8-43d4-af7f-be8558ff350d/elements [39m[32m200[39m [90m91 ms - 267[39m
[35m[HTTP][39m [90m[39m
[35m[HTTP][39m [37m-->[39m [37mPOST[39m [37m/wd/hub/session/3bd05b52-0bc8-43d4-af7f-be8558ff350d/elements[39m
[35m[HTTP][39m [90m{"using":"id","value":"com.socialnmobile.dictapps.notepad.color.note:id/text"}[39m
[35m[HTTP][39m [37m<-- POST /wd/hub/session/3bd05b52-0bc8-43d4-af7f-be8558ff350d/elements [39m[32m200[39m [90m39 ms - 267[39m
[35m[HTTP][39m [90m[39m
[35m[HTTP][39m [37m-->[39m [37mPOST[39m [37m/wd/hub/session/3bd05b52-0bc8-43d4-af7f-be8558ff350d/elements[39m
[35m[HTTP][39m [90m{"using":"-android uiautomator","value":"new UiSelector().className(\"android.widget.TextView\").text(\"Add Item\").resourceId(\"com.socialnmobile.dictapps.notepad.color.note:id/text\")"}[39m
[35m[HTTP][39m [37m<-- POST /wd/hub/session/3bd05b52-0bc8-43d4-af7f-be8558ff350d/elements [39m[32m200[39m [90m72 ms - 267[39m
[35m[HTTP][39m [90m[39m
[35m[HTTP][39m [37m-->[39m [37mGET[39m [37m/wd/hub/session/3bd05b52-0bc8-43d4-af7f-be8558ff350d/window/rect[39m
[35m[HTTP][39m [90m{}[39m
[35m[HTTP][39m [37m<-- GET /wd/hub/session/3bd05b52-0bc8-43d4-af7f-be8558ff350d/window/rect [39m[32m200[39m [90m18 ms - 50[39m
[35m[HTTP][39m [90m[39m
[35m[HTTP][39m [37m-->[39m [37mPOST[39m [37m/wd/hub/session/3bd05b52-0bc8-43d4-af7f-be8558ff350d/elements[39m
[35m[HTTP][39m [90m{"using":"xpath","value":"//hierarchy/android.widget.FrameLayout[1]/android.widget.LinearLayout[1]/android.widget.FrameLayout[1]/android.widget.FrameLayout[1]/android.widget.FrameLayout[1]/android.widget.RelativeLayout[1]/android.widget.FrameLayout[1]/android.widget.RelativeLayout[1]/android.view.ViewGroup[1]/android.widget.LinearLayout[1]/android.widget.RelativeLayout[2]/android.widget.ListView[1]/android.widget.LinearLayout[1]/android.widget.LinearLayout[1]/android.widget.TextView[1]"}[39m
[35m[HTTP][39m [37m<-- POST /wd/hub/session/3bd05b52-0bc8-43d4-af7f-be8558ff350d/elements [39m[32m200[39m [90m79 ms - 139[39m
[35m[HTTP][39m [90m[39m
[35m[HTTP][39m [37m-->[39m [37mGET[39m [37m/wd/hub/session/3bd05b52-0bc8-43d4-af7f-be8558ff350d/element/00000000-0000-10f4-ffff-ffff000000ed/location[39m
[35m[HTTP][39m [90m{}[39m
[35m[W3C (3bd05b52)][39m Driver proxy active, passing request on via HTTP proxy
[35m[WD Proxy][39m Replacing sessionId b66c33a7-7041-4c98-b34f-0b8df0a38ded with 3bd05b52-0bc8-43d4-af7f-be8558ff350d
[35m[HTTP][39m [37m<-- GET /wd/hub/session/3bd05b52-0bc8-43d4-af7f-be8558ff350d/element/00000000-0000-10f4-ffff-ffff000000ed/location [39m[32m200[39m [90m18 ms - 78[39m
[35m[HTTP][39m [90m[39m
[35m[HTTP][39m [37m-->[39m [37mPOST[39m [37m/wd/hub/session/3bd05b52-0bc8-43d4-af7f-be8558ff350d/element/00000000-0000-10f4-ffff-ffff000000ed/click[39m
[35m[HTTP][39m [90m{"id":"00000000-0000-10f4-ffff-ffff000000ed"}[39m
[35m[HTTP][39m [37m<-- POST /wd/hub/session/3bd05b52-0bc8-43d4-af7f-be8558ff350d/element/00000000-0000-10f4-ffff-ffff000000ed/click [39m[32m200[39m [90m783 ms - 14[39m
[35m[HTTP][39m [90m[39m
[35m[HTTP][39m [37m-->[39m [37mGET[39m [37m/wd/hub/session/3bd05b52-0bc8-43d4-af7f-be8558ff350d/source[39m
[35m[HTTP][39m [90m{}[39m
[35m[W3C (3bd05b52)][39m Driver proxy active, passing request on via HTTP proxy
[35m[WD Proxy][39m Replacing sessionId b66c33a7-7041-4c98-b34f-0b8df0a38ded with 3bd05b52-0bc8-43d4-af7f-be8558ff350d
[35m[HTTP][39m [37m<-- GET /wd/hub/session/3bd05b52-0bc8-43d4-af7f-be8558ff350d/source [39m[32m200[39m [90m89 ms - 9013[39m
[35m[HTTP][39m [90m[39m
[35m[HTTP][39m [37m-->[39m [37mGET[39m [37m/wd/hub/session/3bd05b52-0bc8-43d4-af7f-be8558ff350d/screenshot[39m
[35m[HTTP][39m [90m{}[39m
[35m[HTTP][39m [37m<-- GET /wd/hub/session/3bd05b52-0bc8-43d4-af7f-be8558ff350d/screenshot [39m[32m200[39m [90m445 ms - 186034[39m
[35m[HTTP][39m [90m[39m
[35m[HTTP][39m [37m-->[39m [37mPOST[39m [37m/wd/hub/session/3bd05b52-0bc8-43d4-af7f-be8558ff350d/elements[39m
[35m[HTTP][39m [90m{"using":"xpath","value":"//*[@class = 'android.widget.EditText' and @resource-id = 'com.socialnmobile.dictapps.notepad.color.note:id/edit' and (@text = '' or . = '')]"}[39m
[35m[HTTP][39m [37m<-- POST /wd/hub/session/3bd05b52-0bc8-43d4-af7f-be8558ff350d/elements [39m[32m200[39m [90m78 ms - 139[39m
[35m[HTTP][39m [90m[39m
[35m[HTTP][39m [37m-->[39m [37mGET[39m [37m/wd/hub/session/3bd05b52-0bc8-43d4-af7f-be8558ff350d/window/rect[39m
[35m[HTTP][39m [90m{}[39m
[35m[HTTP][39m [37m<-- GET /wd/hub/session/3bd05b52-0bc8-43d4-af7f-be8558ff350d/window/rect [39m[32m200[39m [90m20 ms - 50[39m
[35m[HTTP][39m [90m[39m
[35m[HTTP][39m [37m-->[39m [37mPOST[39m [37m/wd/hub/session/3bd05b52-0bc8-43d4-af7f-be8558ff350d/elements[39m
[35m[HTTP][39m [90m{"using":"xpath","value":"//*[@class = 'android.widget.EditText' and @resource-id = 'com.socialnmobile.dictapps.notepad.color.note:id/edit' and (@text = '' or . = '')]"}[39m
[35m[HTTP][39m [37m<-- POST /wd/hub/session/3bd05b52-0bc8-43d4-af7f-be8558ff350d/elements [39m[32m200[39m [90m109 ms - 139[39m
[35m[HTTP][39m [90m[39m
[35m[HTTP][39m [37m-->[39m [37mGET[39m [37m/wd/hub/session/3bd05b52-0bc8-43d4-af7f-be8558ff350d/element/00000000-0000-10f5-ffff-ffff000000f4/location[39m
[35m[HTTP][39m [90m{}[39m
[35m[W3C (3bd05b52)][39m Driver proxy active, passing request on via HTTP proxy
[35m[WD Proxy][39m Replacing sessionId b66c33a7-7041-4c98-b34f-0b8df0a38ded with 3bd05b52-0bc8-43d4-af7f-be8558ff350d
[35m[HTTP][39m [37m<-- GET /wd/hub/session/3bd05b52-0bc8-43d4-af7f-be8558ff350d/element/00000000-0000-10f5-ffff-ffff000000f4/location [39m[32m200[39m [90m26 ms - 78[39m
[35m[HTTP][39m [90m[39m
[35m[HTTP][39m [37m-->[39m [37mPOST[39m [37m/wd/hub/session/3bd05b52-0bc8-43d4-af7f-be8558ff350d/element/00000000-0000-10f5-ffff-ffff000000f4/clear[39m
[35m[HTTP][39m [90m{"id":"00000000-0000-10f5-ffff-ffff000000f4"}[39m
[35m[HTTP][39m [37m<-- POST /wd/hub/session/3bd05b52-0bc8-43d4-af7f-be8558ff350d/element/00000000-0000-10f5-ffff-ffff000000f4/clear [39m[32m200[39m [90m30 ms - 14[39m
[35m[HTTP][39m [90m[39m
[35m[HTTP][39m [37m-->[39m [37mPOST[39m [37m/wd/hub/session/3bd05b52-0bc8-43d4-af7f-be8558ff350d/element/00000000-0000-10f5-ffff-ffff000000f4/value[39m
[35m[HTTP][39m [90m{"id":"00000000-0000-10f5-ffff-ffff000000f4","text":"SLEEP","value":["S","L","E","E","P"]}[39m
[35m[HTTP][39m [37m<-- POST /wd/hub/session/3bd05b52-0bc8-43d4-af7f-be8558ff350d/element/00000000-0000-10f5-ffff-ffff000000f4/value [39m[32m200[39m [90m531 ms - 14[39m
[35m[HTTP][39m [90m[39m
[35m[HTTP][39m [37m-->[39m [37mGET[39m [37m/wd/hub/session/3bd05b52-0bc8-43d4-af7f-be8558ff350d/source[39m
[35m[HTTP][39m [90m{}[39m
[35m[W3C (3bd05b52)][39m Driver proxy active, passing request on via HTTP proxy
[35m[WD Proxy][39m Replacing sessionId b66c33a7-7041-4c98-b34f-0b8df0a38ded with 3bd05b52-0bc8-43d4-af7f-be8558ff350d
[35m[HTTP][39m [37m<-- GET /wd/hub/session/3bd05b52-0bc8-43d4-af7f-be8558ff350d/source [39m[32m200[39m [90m153 ms - 9018[39m
[35m[HTTP][39m [90m[39m
[35m[HTTP][39m [37m-->[39m [37mGET[39m [37m/wd/hub/session/3bd05b52-0bc8-43d4-af7f-be8558ff350d/screenshot[39m
[35m[HTTP][39m [90m{}[39m
[35m[HTTP][39m [37m<-- GET /wd/hub/session/3bd05b52-0bc8-43d4-af7f-be8558ff350d/screenshot [39m[32m200[39m [90m461 ms - 201110[39m
[35m[HTTP][39m [90m[39m
[35m[HTTP][39m [37m-->[39m [37mPOST[39m [37m/wd/hub/session/3bd05b52-0bc8-43d4-af7f-be8558ff350d/elements[39m
[35m[HTTP][39m [90m{"using":"xpath","value":"//*[@class = 'android.widget.Button' and (@text = 'OK' or . = 'OK') and @resource-id = 'android:id/button1']"}[39m
[35m[HTTP][39m [37m<-- POST /wd/hub/session/3bd05b52-0bc8-43d4-af7f-be8558ff350d/elements [39m[32m200[39m [90m72 ms - 139[39m
[35m[HTTP][39m [90m[39m
[35m[HTTP][39m [37m-->[39m [37mGET[39m [37m/wd/hub/session/3bd05b52-0bc8-43d4-af7f-be8558ff350d/window/rect[39m
[35m[HTTP][39m [90m{}[39m
[35m[HTTP][39m [37m<-- GET /wd/hub/session/3bd05b52-0bc8-43d4-af7f-be8558ff350d/window/rect [39m[32m200[39m [90m21 ms - 50[39m
[35m[HTTP][39m [90m[39m
[35m[HTTP][39m [37m-->[39m [37mPOST[39m [37m/wd/hub/session/3bd05b52-0bc8-43d4-af7f-be8558ff350d/elements[39m
[35m[HTTP][39m [90m{"using":"xpath","value":"//*[@class = 'android.widget.Button' and (@text = 'OK' or . = 'OK') and @resource-id = 'android:id/button1']"}[39m
[35m[HTTP][39m [37m<-- POST /wd/hub/session/3bd05b52-0bc8-43d4-af7f-be8558ff350d/elements [39m[32m200[39m [90m77 ms - 139[39m
[35m[HTTP][39m [90m[39m
[35m[HTTP][39m [37m-->[39m [37mGET[39m [37m/wd/hub/session/3bd05b52-0bc8-43d4-af7f-be8558ff350d/element/00000000-0000-10f5-ffff-ffff0000011a/location[39m
[35m[HTTP][39m [90m{}[39m
[35m[W3C (3bd05b52)][39m Driver proxy active, passing request on via HTTP proxy
[35m[WD Proxy][39m Replacing sessionId b66c33a7-7041-4c98-b34f-0b8df0a38ded with 3bd05b52-0bc8-43d4-af7f-be8558ff350d
[35m[HTTP][39m [37m<-- GET /wd/hub/session/3bd05b52-0bc8-43d4-af7f-be8558ff350d/element/00000000-0000-10f5-ffff-ffff0000011a/location [39m[32m200[39m [90m29 ms - 78[39m
[35m[HTTP][39m [90m[39m
[35m[HTTP][39m [37m-->[39m [37mPOST[39m [37m/wd/hub/session/3bd05b52-0bc8-43d4-af7f-be8558ff350d/element/00000000-0000-10f5-ffff-ffff0000011a/click[39m
[35m[HTTP][39m [90m{"id":"00000000-0000-10f5-ffff-ffff0000011a"}[39m
[35m[HTTP][39m [37m<-- POST /wd/hub/session/3bd05b52-0bc8-43d4-af7f-be8558ff350d/element/00000000-0000-10f5-ffff-ffff0000011a/click [39m[32m200[39m [90m54 ms - 14[39m
[35m[HTTP][39m [90m[39m
[35m[HTTP][39m [37m-->[39m [37mGET[39m [37m/wd/hub/session/3bd05b52-0bc8-43d4-af7f-be8558ff350d/source[39m
[35m[HTTP][39m [90m{}[39m
[35m[W3C (3bd05b52)][39m Driver proxy active, passing request on via HTTP proxy
[35m[WD Proxy][39m Replacing sessionId b66c33a7-7041-4c98-b34f-0b8df0a38ded with 3bd05b52-0bc8-43d4-af7f-be8558ff350d
[35m[HTTP][39m [37m<-- GET /wd/hub/session/3bd05b52-0bc8-43d4-af7f-be8558ff350d/source [39m[32m200[39m [90m244 ms - 20158[39m
[35m[HTTP][39m [90m[39m
[35m[HTTP][39m [37m-->[39m [37mGET[39m [37m/wd/hub/session/3bd05b52-0bc8-43d4-af7f-be8558ff350d/screenshot[39m
[35m[HTTP][39m [90m{}[39m
[35m[HTTP][39m [37m<-- GET /wd/hub/session/3bd05b52-0bc8-43d4-af7f-be8558ff350d/screenshot [39m[32m200[39m [90m377 ms - 89820[39m
[35m[HTTP][39m [90m[39m
[35m[HTTP][39m [37m-->[39m [37mGET[39m [37m/wd/hub/session/3bd05b52-0bc8-43d4-af7f-be8558ff350d/context[39m
[35m[HTTP][39m [90m{}[39m
[35m[HTTP][39m [37m<-- GET /wd/hub/session/3bd05b52-0bc8-43d4-af7f-be8558ff350d/context [39m[32m200[39m [90m3 ms - 22[39m
[35m[HTTP][39m [90m[39m
[35m[HTTP][39m [37m-->[39m [37mGET[39m [37m/wd/hub/session/3bd05b52-0bc8-43d4-af7f-be8558ff350d/contexts[39m
[35m[HTTP][39m [90m{}[39m
[35m[HTTP][39m [37m<-- GET /wd/hub/session/3bd05b52-0bc8-43d4-af7f-be8558ff350d/contexts [39m[32m200[39m [90m81 ms - 24[39m
[35m[HTTP][39m [90m[39m
[35m[HTTP][39m [37m-->[39m [37mPOST[39m [37m/wd/hub/session/3bd05b52-0bc8-43d4-af7f-be8558ff350d/context[39m
[35m[HTTP][39m [90m{"name":"NATIVE_APP"}[39m
[35m[HTTP][39m [37m<-- POST /wd/hub/session/3bd05b52-0bc8-43d4-af7f-be8558ff350d/context [39m[32m200[39m [90m2 ms - 14[39m
[35m[HTTP][39m [90m[39m
[35m[HTTP][39m [37m-->[39m [37mPOST[39m [37m/wd/hub/session/3bd05b52-0bc8-43d4-af7f-be8558ff350d/appium/device/press_keycode[39m
[35m[HTTP][39m [90m{"keycode":4}[39m
[35m[HTTP][39m [37m<-- POST /wd/hub/session/3bd05b52-0bc8-43d4-af7f-be8558ff350d/appium/device/press_keycode [39m[32m200[39m [90m130 ms - 14[39m
[35m[HTTP][39m [90m[39m
[35m[HTTP][39m [37m-->[39m [37mPOST[39m [37m/wd/hub/session/3bd05b52-0bc8-43d4-af7f-be8558ff350d/context[39m
[35m[HTTP][39m [90m{"name":"NATIVE_APP"}[39m
[35m[HTTP][39m [37m<-- POST /wd/hub/session/3bd05b52-0bc8-43d4-af7f-be8558ff350d/context [39m[32m200[39m [90m4 ms - 14[39m
[35m[HTTP][39m [90m[39m
[35m[HTTP][39m [37m-->[39m [37mGET[39m [37m/wd/hub/session/3bd05b52-0bc8-43d4-af7f-be8558ff350d/source[39m
[35m[HTTP][39m [90m{}[39m
[35m[W3C (3bd05b52)][39m Driver proxy active, passing request on via HTTP proxy
[35m[WD Proxy][39m Replacing sessionId b66c33a7-7041-4c98-b34f-0b8df0a38ded with 3bd05b52-0bc8-43d4-af7f-be8558ff350d
[35m[HTTP][39m [37m<-- GET /wd/hub/session/3bd05b52-0bc8-43d4-af7f-be8558ff350d/source [39m[32m200[39m [90m115 ms - 14480[39m
[35m[HTTP][39m [90m[39m
[35m[HTTP][39m [37m-->[39m [37mGET[39m [37m/wd/hub/session/3bd05b52-0bc8-43d4-af7f-be8558ff350d/screenshot[39m
[35m[HTTP][39m [90m{}[39m
[35m[HTTP][39m [37m<-- GET /wd/hub/session/3bd05b52-0bc8-43d4-af7f-be8558ff350d/screenshot [39m[32m200[39m [90m406 ms - 82134[39m
[35m[HTTP][39m [90m[39m
[35m[HTTP][39m [37m-->[39m [37mPOST[39m [37m/wd/hub/session/3bd05b52-0bc8-43d4-af7f-be8558ff350d/elements[39m
[35m[HTTP][39m [90m{"using":"xpath","value":"//*[@class = 'android.widget.ImageButton' and @resource-id = 'com.socialnmobile.dictapps.notepad.color.note:id/edit_btn' and (@text = '' or . = '')]"}[39m
[35m[HTTP][39m [37m<-- POST /wd/hub/session/3bd05b52-0bc8-43d4-af7f-be8558ff350d/elements [39m[32m200[39m [90m87 ms - 139[39m
[35m[HTTP][39m [90m[39m
[35m[HTTP][39m [37m-->[39m [37mGET[39m [37m/wd/hub/session/3bd05b52-0bc8-43d4-af7f-be8558ff350d/window/rect[39m
[35m[HTTP][39m [90m{}[39m
[35m[HTTP][39m [37m<-- GET /wd/hub/session/3bd05b52-0bc8-43d4-af7f-be8558ff350d/window/rect [39m[32m200[39m [90m14 ms - 50[39m
[35m[HTTP][39m [90m[39m
[35m[HTTP][39m [37m-->[39m [37mPOST[39m [37m/wd/hub/session/3bd05b52-0bc8-43d4-af7f-be8558ff350d/elements[39m
[35m[HTTP][39m [90m{"using":"xpath","value":"//*[@class = 'android.widget.ImageButton' and @resource-id = 'com.socialnmobile.dictapps.notepad.color.note:id/edit_btn' and (@text = '' or . = '')]"}[39m
[35m[HTTP][39m [37m<-- POST /wd/hub/session/3bd05b52-0bc8-43d4-af7f-be8558ff350d/elements [39m[32m200[39m [90m83 ms - 139[39m
[35m[HTTP][39m [90m[39m
[35m[HTTP][39m [37m-->[39m [37mGET[39m [37m/wd/hub/session/3bd05b52-0bc8-43d4-af7f-be8558ff350d/element/00000000-0000-10f4-ffff-ffff000000cf/location[39m
[35m[HTTP][39m [90m{}[39m
[35m[W3C (3bd05b52)][39m Driver proxy active, passing request on via HTTP proxy
[35m[WD Proxy][39m Replacing sessionId b66c33a7-7041-4c98-b34f-0b8df0a38ded with 3bd05b52-0bc8-43d4-af7f-be8558ff350d
[35m[HTTP][39m [37m<-- GET /wd/hub/session/3bd05b52-0bc8-43d4-af7f-be8558ff350d/element/00000000-0000-10f4-ffff-ffff000000cf/location [39m[32m200[39m [90m22 ms - 78[39m
[35m[HTTP][39m [90m[39m
[35m[HTTP][39m [37m-->[39m [37mPOST[39m [37m/wd/hub/session/3bd05b52-0bc8-43d4-af7f-be8558ff350d/element/00000000-0000-10f4-ffff-ffff000000cf/click[39m
[35m[HTTP][39m [90m{"id":"00000000-0000-10f4-ffff-ffff000000cf"}[39m
[35m[HTTP][39m [37m<-- POST /wd/hub/session/3bd05b52-0bc8-43d4-af7f-be8558ff350d/element/00000000-0000-10f4-ffff-ffff000000cf/click [39m[32m200[39m [90m60 ms - 14[39m
[35m[HTTP][39m [90m[39m
[35m[HTTP][39m [37m-->[39m [37mGET[39m [37m/wd/hub/session/3bd05b52-0bc8-43d4-af7f-be8558ff350d/source[39m
[35m[HTTP][39m [90m{}[39m
[35m[W3C (3bd05b52)][39m Driver proxy active, passing request on via HTTP proxy
[35m[WD Proxy][39m Replacing sessionId b66c33a7-7041-4c98-b34f-0b8df0a38ded with 3bd05b52-0bc8-43d4-af7f-be8558ff350d
[35m[HTTP][39m [37m<-- GET /wd/hub/session/3bd05b52-0bc8-43d4-af7f-be8558ff350d/source [39m[32m200[39m [90m97 ms - 20158[39m
[35m[HTTP][39m [90m[39m
[35m[HTTP][39m [37m-->[39m [37mGET[39m [37m/wd/hub/session/3bd05b52-0bc8-43d4-af7f-be8558ff350d/screenshot[39m
[35m[HTTP][39m [90m{}[39m
[35m[HTTP][39m [37m<-- GET /wd/hub/session/3bd05b52-0bc8-43d4-af7f-be8558ff350d/screenshot [39m[32m200[39m [90m406 ms - 91228[39m
[35m[HTTP][39m [90m[39m
[35m[HTTP][39m [37m-->[39m [37mPOST[39m [37m/wd/hub/session/3bd05b52-0bc8-43d4-af7f-be8558ff350d/elements[39m
[35m[HTTP][39m [90m{"using":"xpath","value":"//*[@class = 'android.widget.TextView' and (@text = 'SLEEP' or . = 'SLEEP') and @resource-id = 'com.socialnmobile.dictapps.notepad.color.note:id/text']"}[39m
[35m[HTTP][39m [37m<-- POST /wd/hub/session/3bd05b52-0bc8-43d4-af7f-be8558ff350d/elements [39m[32m200[39m [90m85 ms - 139[39m
[35m[HTTP][39m [90m[39m
[35m[HTTP][39m [37m-->[39m [37mGET[39m [37m/wd/hub/session/3bd05b52-0bc8-43d4-af7f-be8558ff350d/window/rect[39m
[35m[HTTP][39m [90m{}[39m
[35m[HTTP][39m [37m<-- GET /wd/hub/session/3bd05b52-0bc8-43d4-af7f-be8558ff350d/window/rect [39m[32m200[39m [90m17 ms - 50[39m
[35m[HTTP][39m [90m[39m
[35m[HTTP][39m [37m-->[39m [37mPOST[39m [37m/wd/hub/session/3bd05b52-0bc8-43d4-af7f-be8558ff350d/elements[39m
[35m[HTTP][39m [90m{"using":"xpath","value":"//*[@class = 'android.widget.TextView' and (@text = 'SLEEP' or . = 'SLEEP') and @resource-id = 'com.socialnmobile.dictapps.notepad.color.note:id/text']"}[39m
[35m[HTTP][39m [37m<-- POST /wd/hub/session/3bd05b52-0bc8-43d4-af7f-be8558ff350d/elements [39m[32m200[39m [90m68 ms - 139[39m
[35m[HTTP][39m [90m[39m
[35m[HTTP][39m [37m-->[39m [37mGET[39m [37m/wd/hub/session/3bd05b52-0bc8-43d4-af7f-be8558ff350d/element/00000000-0000-10f4-ffff-ffff000000fc/location[39m
[35m[HTTP][39m [90m{}[39m
[35m[W3C (3bd05b52)][39m Driver proxy active, passing request on via HTTP proxy
[35m[WD Proxy][39m Replacing sessionId b66c33a7-7041-4c98-b34f-0b8df0a38ded with 3bd05b52-0bc8-43d4-af7f-be8558ff350d
[35m[HTTP][39m [37m<-- GET /wd/hub/session/3bd05b52-0bc8-43d4-af7f-be8558ff350d/element/00000000-0000-10f4-ffff-ffff000000fc/location [39m[32m200[39m [90m17 ms - 78[39m
[35m[HTTP][39m [90m[39m
[35m[HTTP][39m [37m-->[39m [37mPOST[39m [37m/wd/hub/session/3bd05b52-0bc8-43d4-af7f-be8558ff350d/element/00000000-0000-10f4-ffff-ffff000000fc/click[39m
[35m[HTTP][39m [90m{"id":"00000000-0000-10f4-ffff-ffff000000fc"}[39m
[35m[HTTP][39m [37m<-- POST /wd/hub/session/3bd05b52-0bc8-43d4-af7f-be8558ff350d/element/00000000-0000-10f4-ffff-ffff000000fc/click [39m[32m200[39m [90m839 ms - 14[39m
[35m[HTTP][39m [90m[39m
[35m[HTTP][39m [37m-->[39m [37mGET[39m [37m/wd/hub/session/3bd05b52-0bc8-43d4-af7f-be8558ff350d/source[39m
[35m[HTTP][39m [90m{}[39m
[35m[W3C (3bd05b52)][39m Driver proxy active, passing request on via HTTP proxy
[35m[WD Proxy][39m Replacing sessionId b66c33a7-7041-4c98-b34f-0b8df0a38ded with 3bd05b52-0bc8-43d4-af7f-be8558ff350d
[35m[HTTP][39m [37m<-- GET /wd/hub/session/3bd05b52-0bc8-43d4-af7f-be8558ff350d/source [39m[32m200[39m [90m82 ms - 8572[39m
[35m[HTTP][39m [90m[39m
[35m[HTTP][39m [37m-->[39m [37mGET[39m [37m/wd/hub/session/3bd05b52-0bc8-43d4-af7f-be8558ff350d/screenshot[39m
[35m[HTTP][39m [90m{}[39m
[35m[HTTP][39m [37m<-- GET /wd/hub/session/3bd05b52-0bc8-43d4-af7f-be8558ff350d/screenshot [39m[32m200[39m [90m430 ms - 196532[39m
[35m[HTTP][39m [90m[39m
[35m[HTTP][39m [37m-->[39m [37mPOST[39m [37m/wd/hub/session/3bd05b52-0bc8-43d4-af7f-be8558ff350d/elements[39m
[35m[HTTP][39m [90m{"using":"xpath","value":"//*[@class = 'android.widget.EditText' and (@text = 'SLEEP' or . = 'SLEEP') and @resource-id = 'com.socialnmobile.dictapps.notepad.color.note:id/edit']"}[39m
[35m[HTTP][39m [37m<-- POST /wd/hub/session/3bd05b52-0bc8-43d4-af7f-be8558ff350d/elements [39m[32m200[39m [90m90 ms - 139[39m
[35m[HTTP][39m [90m[39m
[35m[HTTP][39m [37m-->[39m [37mGET[39m [37m/wd/hub/session/3bd05b52-0bc8-43d4-af7f-be8558ff350d/window/rect[39m
[35m[HTTP][39m [90m{}[39m
[35m[HTTP][39m [37m<-- GET /wd/hub/session/3bd05b52-0bc8-43d4-af7f-be8558ff350d/window/rect [39m[32m200[39m [90m18 ms - 50[39m
[35m[HTTP][39m [90m[39m
[35m[HTTP][39m [37m-->[39m [37mPOST[39m [37m/wd/hub/session/3bd05b52-0bc8-43d4-af7f-be8558ff350d/elements[39m
[35m[HTTP][39m [90m{"using":"xpath","value":"//*[@class = 'android.widget.EditText' and (@text = 'SLEEP' or . = 'SLEEP') and @resource-id = 'com.socialnmobile.dictapps.notepad.color.note:id/edit']"}[39m
[35m[HTTP][39m [37m<-- POST /wd/hub/session/3bd05b52-0bc8-43d4-af7f-be8558ff350d/elements [39m[32m200[39m [90m63 ms - 139[39m
[35m[HTTP][39m [90m[39m
[35m[HTTP][39m [37m-->[39m [37mGET[39m [37m/wd/hub/session/3bd05b52-0bc8-43d4-af7f-be8558ff350d/element/00000000-0000-10f7-ffff-ffff00000127/location[39m
[35m[HTTP][39m [90m{}[39m
[35m[W3C (3bd05b52)][39m Driver proxy active, passing request on via HTTP proxy
[35m[WD Proxy][39m Replacing sessionId b66c33a7-7041-4c98-b34f-0b8df0a38ded with 3bd05b52-0bc8-43d4-af7f-be8558ff350d
[35m[HTTP][39m [37m<-- GET /wd/hub/session/3bd05b52-0bc8-43d4-af7f-be8558ff350d/element/00000000-0000-10f7-ffff-ffff00000127/location [39m[32m200[39m [90m26 ms - 78[39m
[35m[HTTP][39m [90m[39m
[35m[HTTP][39m [37m-->[39m [37mPOST[39m [37m/wd/hub/session/3bd05b52-0bc8-43d4-af7f-be8558ff350d/element/00000000-0000-10f7-ffff-ffff00000127/clear[39m
[35m[HTTP][39m [90m{"id":"00000000-0000-10f7-ffff-ffff00000127"}[39m
[35m[HTTP][39m [37m<-- POST /wd/hub/session/3bd05b52-0bc8-43d4-af7f-be8558ff350d/element/00000000-0000-10f7-ffff-ffff00000127/clear [39m[32m200[39m [90m44 ms - 14[39m
[35m[HTTP][39m [90m[39m
[35m[HTTP][39m [37m-->[39m [37mPOST[39m [37m/wd/hub/session/3bd05b52-0bc8-43d4-af7f-be8558ff350d/element/00000000-0000-10f7-ffff-ffff00000127/value[39m
[35m[HTTP][39m [90m{"id":"00000000-0000-10f7-ffff-ffff00000127","text":"EAT","value":["E","A","T"]}[39m
[35m[HTTP][39m [37m<-- POST /wd/hub/session/3bd05b52-0bc8-43d4-af7f-be8558ff350d/element/00000000-0000-10f7-ffff-ffff00000127/value [39m[32m200[39m [90m629 ms - 14[39m
[35m[HTTP][39m [90m[39m
[35m[HTTP][39m [37m-->[39m [37mGET[39m [37m/wd/hub/session/3bd05b52-0bc8-43d4-af7f-be8558ff350d/source[39m
[35m[HTTP][39m [90m{}[39m
[35m[W3C (3bd05b52)][39m Driver proxy active, passing request on via HTTP proxy
[35m[WD Proxy][39m Replacing sessionId b66c33a7-7041-4c98-b34f-0b8df0a38ded with 3bd05b52-0bc8-43d4-af7f-be8558ff350d
[35m[HTTP][39m [37m<-- GET /wd/hub/session/3bd05b52-0bc8-43d4-af7f-be8558ff350d/source [39m[32m200[39m [90m154 ms - 8570[39m
[35m[HTTP][39m [90m[39m
[35m[HTTP][39m [37m-->[39m [37mGET[39m [37m/wd/hub/session/3bd05b52-0bc8-43d4-af7f-be8558ff350d/screenshot[39m
[35m[HTTP][39m [90m{}[39m
[35m[HTTP][39m [37m<-- GET /wd/hub/session/3bd05b52-0bc8-43d4-af7f-be8558ff350d/screenshot [39m[32m200[39m [90m464 ms - 185378[39m
[35m[HTTP][39m [90m[39m
[35m[HTTP][39m [37m-->[39m [37mPOST[39m [37m/wd/hub/session/3bd05b52-0bc8-43d4-af7f-be8558ff350d/elements[39m
[35m[HTTP][39m [90m{"using":"xpath","value":"//*[@class = 'android.widget.Button' and (@text = 'OK' or . = 'OK') and @resource-id = 'android:id/button1']"}[39m
[35m[HTTP][39m [37m<-- POST /wd/hub/session/3bd05b52-0bc8-43d4-af7f-be8558ff350d/elements [39m[32m200[39m [90m66 ms - 139[39m
[35m[HTTP][39m [90m[39m
[35m[HTTP][39m [37m-->[39m [37mGET[39m [37m/wd/hub/session/3bd05b52-0bc8-43d4-af7f-be8558ff350d/window/rect[39m
[35m[HTTP][39m [90m{}[39m
[35m[HTTP][39m [37m<-- GET /wd/hub/session/3bd05b52-0bc8-43d4-af7f-be8558ff350d/window/rect [39m[32m200[39m [90m13 ms - 50[39m
[35m[HTTP][39m [90m[39m
[35m[HTTP][39m [37m-->[39m [37mPOST[39m [37m/wd/hub/session/3bd05b52-0bc8-43d4-af7f-be8558ff350d/elements[39m
[35m[HTTP][39m [90m{"using":"xpath","value":"//*[@class = 'android.widget.Button' and (@text = 'OK' or . = 'OK') and @resource-id = 'android:id/button1']"}[39m
[35m[HTTP][39m [37m<-- POST /wd/hub/session/3bd05b52-0bc8-43d4-af7f-be8558ff350d/elements [39m[32m200[39m [90m43 ms - 139[39m
[35m[HTTP][39m [90m[39m
[35m[HTTP][39m [37m-->[39m [37mGET[39m [37m/wd/hub/session/3bd05b52-0bc8-43d4-af7f-be8558ff350d/element/00000000-0000-10f7-ffff-ffff00000143/location[39m
[35m[HTTP][39m [90m{}[39m
[35m[W3C (3bd05b52)][39m Driver proxy active, passing request on via HTTP proxy
[35m[WD Proxy][39m Replacing sessionId b66c33a7-7041-4c98-b34f-0b8df0a38ded with 3bd05b52-0bc8-43d4-af7f-be8558ff350d
[35m[HTTP][39m [37m<-- GET /wd/hub/session/3bd05b52-0bc8-43d4-af7f-be8558ff350d/element/00000000-0000-10f7-ffff-ffff00000143/location [39m[32m200[39m [90m20 ms - 78[39m
[35m[HTTP][39m [90m[39m
[35m[HTTP][39m [37m-->[39m [37mPOST[39m [37m/wd/hub/session/3bd05b52-0bc8-43d4-af7f-be8558ff350d/element/00000000-0000-10f7-ffff-ffff00000143/click[39m
[35m[HTTP][39m [90m{"id":"00000000-0000-10f7-ffff-ffff00000143"}[39m
[35m[HTTP][39m [37m<-- POST /wd/hub/session/3bd05b52-0bc8-43d4-af7f-be8558ff350d/element/00000000-0000-10f7-ffff-ffff00000143/click [39m[32m200[39m [90m58 ms - 14[39m
[35m[HTTP][39m [90m[39m
[35m[HTTP][39m [37m-->[39m [37mGET[39m [37m/wd/hub/session/3bd05b52-0bc8-43d4-af7f-be8558ff350d/source[39m
[35m[HTTP][39m [90m{}[39m
[35m[W3C (3bd05b52)][39m Driver proxy active, passing request on via HTTP proxy
[35m[WD Proxy][39m Replacing sessionId b66c33a7-7041-4c98-b34f-0b8df0a38ded with 3bd05b52-0bc8-43d4-af7f-be8558ff350d
[35m[HTTP][39m [37m<-- GET /wd/hub/session/3bd05b52-0bc8-43d4-af7f-be8558ff350d/source [39m[32m200[39m [90m392 ms - 20156[39m
[35m[HTTP][39m [90m[39m
[35m[HTTP][39m [37m-->[39m [37mGET[39m [37m/wd/hub/session/3bd05b52-0bc8-43d4-af7f-be8558ff350d/screenshot[39m
[35m[HTTP][39m [90m{}[39m
[35m[HTTP][39m [37m<-- GET /wd/hub/session/3bd05b52-0bc8-43d4-af7f-be8558ff350d/screenshot [39m[32m200[39m [90m416 ms - 89302[39m
[35m[HTTP][39m [90m[39m
[35m[HTTP][39m [37m-->[39m [37mGET[39m [37m/wd/hub/session/3bd05b52-0bc8-43d4-af7f-be8558ff350d/context[39m
[35m[HTTP][39m [90m{}[39m
[35m[HTTP][39m [37m<-- GET /wd/hub/session/3bd05b52-0bc8-43d4-af7f-be8558ff350d/context [39m[32m200[39m [90m2 ms - 22[39m
[35m[HTTP][39m [90m[39m
[35m[HTTP][39m [37m-->[39m [37mGET[39m [37m/wd/hub/session/3bd05b52-0bc8-43d4-af7f-be8558ff350d/contexts[39m
[35m[HTTP][39m [90m{}[39m
[35m[HTTP][39m [37m<-- GET /wd/hub/session/3bd05b52-0bc8-43d4-af7f-be8558ff350d/contexts [39m[32m200[39m [90m80 ms - 24[39m
[35m[HTTP][39m [90m[39m
[35m[HTTP][39m [37m-->[39m [37mPOST[39m [37m/wd/hub/session/3bd05b52-0bc8-43d4-af7f-be8558ff350d/context[39m
[35m[HTTP][39m [90m{"name":"NATIVE_APP"}[39m
[35m[HTTP][39m [37m<-- POST /wd/hub/session/3bd05b52-0bc8-43d4-af7f-be8558ff350d/context [39m[32m200[39m [90m2 ms - 14[39m
[35m[HTTP][39m [90m[39m
[35m[HTTP][39m [37m-->[39m [37mPOST[39m [37m/wd/hub/session/3bd05b52-0bc8-43d4-af7f-be8558ff350d/appium/device/press_keycode[39m
[35m[HTTP][39m [90m{"keycode":4}[39m
[35m[HTTP][39m [37m<-- POST /wd/hub/session/3bd05b52-0bc8-43d4-af7f-be8558ff350d/appium/device/press_keycode [39m[32m200[39m [90m98 ms - 14[39m
[35m[HTTP][39m [90m[39m
[35m[HTTP][39m [37m-->[39m [37mPOST[39m [37m/wd/hub/session/3bd05b52-0bc8-43d4-af7f-be8558ff350d/context[39m
[35m[HTTP][39m [90m{"name":"NATIVE_APP"}[39m
[35m[HTTP][39m [37m<-- POST /wd/hub/session/3bd05b52-0bc8-43d4-af7f-be8558ff350d/context [39m[32m200[39m [90m1 ms - 14[39m
[35m[HTTP][39m [90m[39m
[35m[HTTP][39m [37m-->[39m [37mGET[39m [37m/wd/hub/session/3bd05b52-0bc8-43d4-af7f-be8558ff350d/source[39m
[35m[HTTP][39m [90m{}[39m
[35m[W3C (3bd05b52)][39m Driver proxy active, passing request on via HTTP proxy
[35m[WD Proxy][39m Replacing sessionId b66c33a7-7041-4c98-b34f-0b8df0a38ded with 3bd05b52-0bc8-43d4-af7f-be8558ff350d
[35m[HTTP][39m [37m<-- GET /wd/hub/session/3bd05b52-0bc8-43d4-af7f-be8558ff350d/source [39m[32m200[39m [90m94 ms - 14478[39m
[35m[HTTP][39m [90m[39m
[35m[HTTP][39m [37m-->[39m [37mGET[39m [37m/wd/hub/session/3bd05b52-0bc8-43d4-af7f-be8558ff350d/screenshot[39m
[35m[HTTP][39m [90m{}[39m
[35m[HTTP][39m [37m<-- GET /wd/hub/session/3bd05b52-0bc8-43d4-af7f-be8558ff350d/screenshot [39m[32m200[39m [90m407 ms - 80008[39m
[35m[HTTP][39m [90m[39m
[35m[HTTP][39m [37m-->[39m [37mGET[39m [37m/wd/hub/session/3bd05b52-0bc8-43d4-af7f-be8558ff350d/context[39m
[35m[HTTP][39m [90m{}[39m
[35m[HTTP][39m [37m<-- GET /wd/hub/session/3bd05b52-0bc8-43d4-af7f-be8558ff350d/context [39m[32m200[39m [90m2 ms - 22[39m
[35m[HTTP][39m [90m[39m
[35m[HTTP][39m [37m-->[39m [37mGET[39m [37m/wd/hub/session/3bd05b52-0bc8-43d4-af7f-be8558ff350d/contexts[39m
[35m[HTTP][39m [90m{}[39m
[35m[HTTP][39m [37m<-- GET /wd/hub/session/3bd05b52-0bc8-43d4-af7f-be8558ff350d/contexts [39m[32m200[39m [90m80 ms - 24[39m
[35m[HTTP][39m [90m[39m
[35m[HTTP][39m [37m-->[39m [37mPOST[39m [37m/wd/hub/session/3bd05b52-0bc8-43d4-af7f-be8558ff350d/context[39m
[35m[HTTP][39m [90m{"name":"NATIVE_APP"}[39m
[35m[HTTP][39m [37m<-- POST /wd/hub/session/3bd05b52-0bc8-43d4-af7f-be8558ff350d/context [39m[32m200[39m [90m3 ms - 14[39m
[35m[HTTP][39m [90m[39m
[35m[HTTP][39m [37m-->[39m [37mPOST[39m [37m/wd/hub/session/3bd05b52-0bc8-43d4-af7f-be8558ff350d/appium/device/press_keycode[39m
[35m[HTTP][39m [90m{"keycode":4}[39m
[35m[HTTP][39m [37m<-- POST /wd/hub/session/3bd05b52-0bc8-43d4-af7f-be8558ff350d/appium/device/press_keycode [39m[32m200[39m [90m472 ms - 14[39m
[35m[HTTP][39m [90m[39m
[35m[HTTP][39m [37m-->[39m [37mPOST[39m [37m/wd/hub/session/3bd05b52-0bc8-43d4-af7f-be8558ff350d/context[39m
[35m[HTTP][39m [90m{"name":"NATIVE_APP"}[39m
[35m[HTTP][39m [37m<-- POST /wd/hub/session/3bd05b52-0bc8-43d4-af7f-be8558ff350d/context [39m[32m200[39m [90m1 ms - 14[39m
[35m[HTTP][39m [90m[39m
[35m[HTTP][39m [37m-->[39m [37mGET[39m [37m/wd/hub/session/3bd05b52-0bc8-43d4-af7f-be8558ff350d/source[39m
[35m[HTTP][39m [90m{}[39m
[35m[W3C (3bd05b52)][39m Driver proxy active, passing request on via HTTP proxy
[35m[WD Proxy][39m Replacing sessionId b66c33a7-7041-4c98-b34f-0b8df0a38ded with 3bd05b52-0bc8-43d4-af7f-be8558ff350d
[35m[HTTP][39m [37m<-- GET /wd/hub/session/3bd05b52-0bc8-43d4-af7f-be8558ff350d/source [39m[32m200[39m [90m126 ms - 22446[39m
[35m[HTTP][39m [90m[39m
[35m[HTTP][39m [37m-->[39m [37mGET[39m [37m/wd/hub/session/3bd05b52-0bc8-43d4-af7f-be8558ff350d/screenshot[39m
[35m[HTTP][39m [90m{}[39m
[35m[HTTP][39m [37m<-- GET /wd/hub/session/3bd05b52-0bc8-43d4-af7f-be8558ff350d/screenshot [39m[32m200[39m [90m400 ms - 110856[39m
[35m[HTTP][39m [90m[39m
[35m[HTTP][39m [37m-->[39m [37mDELETE[39m [37m/wd/hub/session/3bd05b52-0bc8-43d4-af7f-be8558ff350d[39m
[35m[HTTP][39m [90m{}[39m
[35m[Appium][39m Removing session 3bd05b52-0bc8-43d4-af7f-be8558ff350d from our master session list
[35m[UiAutomator2][39m Restoring hidden api policy to the device default configuration
[35m[HTTP][39m [37m<-- DELETE /wd/hub/session/3bd05b52-0bc8-43d4-af7f-be8558ff350d [39m[32m200[39m [90m408 ms - 14[39m
